c:\projects\tps5\projects\vs2010\egts-tatarstan\debug\api.obj
c:\projects\tps5\projects\vs2010\egts-tatarstan\debug\retranslator.obj
c:\projects\tps5\projects\vs2010\egts-tatarstan\debug\module.obj
c:\projects\tps5\projects\vs2010\egts-tatarstan\debug\thread.obj
c:\projects\tps5\projects\vs2010\egts-tatarstan\debug\vc100.pdb
c:\projects\tps5\debug\egts-tatarstan.lib
c:\projects\tps5\debug\egts-tatarstan.exp
c:\projects\tps5\debug\egts-tatarstan.ilk
c:\projects\tps5\debug\egts-tatarstan.dll
c:\projects\tps5\projects\vs2010\egts-tatarstan\debug\egts-tatarstan.dll.intermediate.manifest
c:\projects\tps5\debug\egts-tatarstan.pdb
c:\projects\tps5\projects\vs2010\egts-tatarstan\debug\egts-tatarstan.dll.embed.manifest
c:\projects\tps5\projects\vs2010\egts-tatarstan\debug\egts-tatarstan.dll.embed.manifest.res
c:\projects\tps5\projects\vs2010\egts-tatarstan\debug\egts-tatarstan.vcxprojresolveassemblyreference.cache
c:\projects\tps5\projects\vs2010\egts-tatarstan\debug\cl.command.1.tlog
c:\projects\tps5\projects\vs2010\egts-tatarstan\debug\cl.read.1.tlog
c:\projects\tps5\projects\vs2010\egts-tatarstan\debug\cl.write.1.tlog
c:\projects\tps5\projects\vs2010\egts-tatarstan\debug\egts-tatarstan.write.1.tlog
c:\projects\tps5\projects\vs2010\egts-tatarstan\debug\link-cvtres.read.1.tlog
c:\projects\tps5\projects\vs2010\egts-tatarstan\debug\link-cvtres.write.1.tlog
c:\projects\tps5\projects\vs2010\egts-tatarstan\debug\link.16044-cvtres.read.1.tlog
c:\projects\tps5\projects\vs2010\egts-tatarstan\debug\link.16044-cvtres.write.1.tlog
c:\projects\tps5\projects\vs2010\egts-tatarstan\debug\link.16044.read.1.tlog
c:\projects\tps5\projects\vs2010\egts-tatarstan\debug\link.16044.write.1.tlog
c:\projects\tps5\projects\vs2010\egts-tatarstan\debug\link.9336-cvtres.read.1.tlog
c:\projects\tps5\projects\vs2010\egts-tatarstan\debug\link.9336-cvtres.write.1.tlog
c:\projects\tps5\projects\vs2010\egts-tatarstan\debug\link.9336.read.1.tlog
c:\projects\tps5\projects\vs2010\egts-tatarstan\debug\link.9336.write.1.tlog
c:\projects\tps5\projects\vs2010\egts-tatarstan\debug\link.command.1.tlog
c:\projects\tps5\projects\vs2010\egts-tatarstan\debug\link.read.1.tlog
c:\projects\tps5\projects\vs2010\egts-tatarstan\debug\link.write.1.tlog
c:\projects\tps5\projects\vs2010\egts-tatarstan\debug\mt.command.1.tlog
c:\projects\tps5\projects\vs2010\egts-tatarstan\debug\mt.read.1.tlog
c:\projects\tps5\projects\vs2010\egts-tatarstan\debug\mt.write.1.tlog
c:\projects\tps5\projects\vs2010\egts-tatarstan\debug\rc.command.1.tlog
c:\projects\tps5\projects\vs2010\egts-tatarstan\debug\rc.read.1.tlog
c:\projects\tps5\projects\vs2010\egts-tatarstan\debug\rc.write.1.tlog
c:\projects\tps5\projects\vs2010\egts-tatarstan\debug\egts-tatarstan.exe.embed.manifest
c:\projects\tps5\projects\vs2010\egts-tatarstan\debug\egts-tatarstan.exe.intermediate.manifest
c:\projects\tps5\projects\vs2010\egts-tatarstan\debug\egts-tatarstan.exe.embed.manifest.res
c:\projects\tps5\projects\vs2010\egts-tatarstan\debug\vc100.idb
c:\projects\tps5\projects\vs2010\egts-tatarstan\debug\egts-tatarstan_manifest.rc
