c:\projects\tps5\projects\vs2010\fuel\debug\median7.obj
c:\projects\tps5\projects\vs2010\fuel\debug\pla.obj
c:\projects\tps5\projects\vs2010\fuel\debug\vc100.pdb
c:\projects\tps5\projects\vs2010\fuel\debug\module.obj
c:\projects\tps5\debug\fuel.lib
c:\projects\tps5\debug\fuel.exp
c:\projects\tps5\debug\fuel.dll
c:\projects\tps5\projects\vs2010\fuel\debug\fuel.dll.intermediate.manifest
c:\projects\tps5\debug\fuel.pdb
c:\projects\tps5\projects\vs2010\fuel\debug\fuel.dll.embed.manifest
c:\projects\tps5\projects\vs2010\fuel\debug\fuel.dll.embed.manifest.res
c:\projects\tps5\projects\vs2010\fuel\debug\fuel.vcxprojresolveassemblyreference.cache
c:\projects\tps5\projects\vs2010\fuel\debug\cl.command.1.tlog
c:\projects\tps5\projects\vs2010\fuel\debug\cl.read.1.tlog
c:\projects\tps5\projects\vs2010\fuel\debug\cl.write.1.tlog
c:\projects\tps5\projects\vs2010\fuel\debug\fuel.write.1.tlog
c:\projects\tps5\projects\vs2010\fuel\debug\link-cvtres.read.1.tlog
c:\projects\tps5\projects\vs2010\fuel\debug\link-cvtres.write.1.tlog
c:\projects\tps5\projects\vs2010\fuel\debug\link.command.1.tlog
c:\projects\tps5\projects\vs2010\fuel\debug\link.read.1.tlog
c:\projects\tps5\projects\vs2010\fuel\debug\link.write.1.tlog
c:\projects\tps5\projects\vs2010\fuel\debug\mt.command.1.tlog
c:\projects\tps5\projects\vs2010\fuel\debug\mt.read.1.tlog
c:\projects\tps5\projects\vs2010\fuel\debug\mt.write.1.tlog
c:\projects\tps5\projects\vs2010\fuel\debug\rc.command.1.tlog
c:\projects\tps5\projects\vs2010\fuel\debug\rc.read.1.tlog
c:\projects\tps5\projects\vs2010\fuel\debug\rc.write.1.tlog
c:\projects\tps5\projects\vs2010\fuel\debug\vc100.idb
c:\projects\tps5\projects\vs2010\fuel\debug\fuel_manifest.rc
