c:\projects\tps5\projects\vs2010\dortrans\debug\api.obj
c:\projects\tps5\projects\vs2010\dortrans\debug\module.obj
c:\projects\tps5\projects\vs2010\dortrans\debug\retranslator.obj
c:\projects\tps5\projects\vs2010\dortrans\debug\thread.obj
c:\projects\tps5\projects\vs2010\dortrans\debug\vc100.pdb
c:\projects\tps5\debug\dortrans.lib
c:\projects\tps5\debug\dortrans.exp
c:\projects\tps5\debug\dortrans.ilk
c:\projects\tps5\debug\dortrans.dll
c:\projects\tps5\projects\vs2010\dortrans\debug\dortrans.dll.intermediate.manifest
c:\projects\tps5\debug\dortrans.pdb
c:\projects\tps5\projects\vs2010\dortrans\debug\dortrans.dll.embed.manifest
c:\projects\tps5\projects\vs2010\dortrans\debug\dortrans.dll.embed.manifest.res
c:\projects\tps5\projects\vs2010\dortrans\debug\dortrans.vcxprojresolveassemblyreference.cache
c:\projects\tps5\projects\vs2010\dortrans\debug\cl.command.1.tlog
c:\projects\tps5\projects\vs2010\dortrans\debug\cl.read.1.tlog
c:\projects\tps5\projects\vs2010\dortrans\debug\cl.write.1.tlog
c:\projects\tps5\projects\vs2010\dortrans\debug\dortrans.write.1.tlog
c:\projects\tps5\projects\vs2010\dortrans\debug\link-cvtres.read.1.tlog
c:\projects\tps5\projects\vs2010\dortrans\debug\link-cvtres.write.1.tlog
c:\projects\tps5\projects\vs2010\dortrans\debug\link.10216-cvtres.read.1.tlog
c:\projects\tps5\projects\vs2010\dortrans\debug\link.10216-cvtres.write.1.tlog
c:\projects\tps5\projects\vs2010\dortrans\debug\link.10216.read.1.tlog
c:\projects\tps5\projects\vs2010\dortrans\debug\link.10216.write.1.tlog
c:\projects\tps5\projects\vs2010\dortrans\debug\link.11136-cvtres.read.1.tlog
c:\projects\tps5\projects\vs2010\dortrans\debug\link.11136-cvtres.write.1.tlog
c:\projects\tps5\projects\vs2010\dortrans\debug\link.11136.read.1.tlog
c:\projects\tps5\projects\vs2010\dortrans\debug\link.11136.write.1.tlog
c:\projects\tps5\projects\vs2010\dortrans\debug\link.13888-cvtres.read.1.tlog
c:\projects\tps5\projects\vs2010\dortrans\debug\link.13888-cvtres.write.1.tlog
c:\projects\tps5\projects\vs2010\dortrans\debug\link.13888.read.1.tlog
c:\projects\tps5\projects\vs2010\dortrans\debug\link.13888.write.1.tlog
c:\projects\tps5\projects\vs2010\dortrans\debug\link.7092-cvtres.read.1.tlog
c:\projects\tps5\projects\vs2010\dortrans\debug\link.7092-cvtres.write.1.tlog
c:\projects\tps5\projects\vs2010\dortrans\debug\link.7092.read.1.tlog
c:\projects\tps5\projects\vs2010\dortrans\debug\link.7092.write.1.tlog
c:\projects\tps5\projects\vs2010\dortrans\debug\link.9228-cvtres.read.1.tlog
c:\projects\tps5\projects\vs2010\dortrans\debug\link.9228-cvtres.write.1.tlog
c:\projects\tps5\projects\vs2010\dortrans\debug\link.9228.read.1.tlog
c:\projects\tps5\projects\vs2010\dortrans\debug\link.9228.write.1.tlog
c:\projects\tps5\projects\vs2010\dortrans\debug\link.9512-cvtres.read.1.tlog
c:\projects\tps5\projects\vs2010\dortrans\debug\link.9512-cvtres.write.1.tlog
c:\projects\tps5\projects\vs2010\dortrans\debug\link.9512.read.1.tlog
c:\projects\tps5\projects\vs2010\dortrans\debug\link.9512.write.1.tlog
c:\projects\tps5\projects\vs2010\dortrans\debug\link.command.1.tlog
c:\projects\tps5\projects\vs2010\dortrans\debug\link.read.1.tlog
c:\projects\tps5\projects\vs2010\dortrans\debug\link.write.1.tlog
c:\projects\tps5\projects\vs2010\dortrans\debug\mt.command.1.tlog
c:\projects\tps5\projects\vs2010\dortrans\debug\mt.read.1.tlog
c:\projects\tps5\projects\vs2010\dortrans\debug\mt.write.1.tlog
c:\projects\tps5\projects\vs2010\dortrans\debug\rc.command.1.tlog
c:\projects\tps5\projects\vs2010\dortrans\debug\rc.read.1.tlog
c:\projects\tps5\projects\vs2010\dortrans\debug\rc.write.1.tlog
c:\projects\tps5\projects\vs2010\dortrans\debug\vc100.idb
c:\projects\tps5\projects\vs2010\dortrans\debug\dortrans_manifest.rc
