c:\projects\tps5\debug\ak308.lib
c:\projects\tps5\debug\ak308.exp
c:\projects\tps5\projects\vs2010\ak308\debug\api.obj
c:\projects\tps5\projects\vs2010\ak308\debug\common.obj
c:\projects\tps5\projects\vs2010\ak308\debug\config.obj
c:\projects\tps5\projects\vs2010\ak308\debug\crc16.obj
c:\projects\tps5\projects\vs2010\ak308\debug\dirscan.obj
c:\projects\tps5\projects\vs2010\ak308\debug\events.obj
c:\projects\tps5\projects\vs2010\ak308\debug\json.obj
c:\projects\tps5\projects\vs2010\ak308\debug\module.obj
c:\projects\tps5\projects\vs2010\ak308\debug\jparse.obj
c:\projects\tps5\projects\vs2010\ak308\debug\vc100.pdb
c:\projects\tps5\projects\vs2010\ak308\debug\data.obj
c:\projects\tps5\projects\vs2010\ak308\debug\update.obj
c:\projects\tps5\debug\ak308.dll
c:\projects\tps5\projects\vs2010\ak308\debug\ak308.dll.intermediate.manifest
c:\projects\tps5\debug\ak308.pdb
c:\projects\tps5\projects\vs2010\ak308\debug\ak308.dll.embed.manifest
c:\projects\tps5\projects\vs2010\ak308\debug\ak308.dll.embed.manifest.res
c:\projects\tps5\projects\vs2010\ak308\debug\ak308.vcxprojresolveassemblyreference.cache
c:\projects\tps5\projects\vs2010\ak308\debug\ak308.write.1.tlog
c:\projects\tps5\projects\vs2010\ak308\debug\cl.command.1.tlog
c:\projects\tps5\projects\vs2010\ak308\debug\cl.read.1.tlog
c:\projects\tps5\projects\vs2010\ak308\debug\cl.write.1.tlog
c:\projects\tps5\projects\vs2010\ak308\debug\link.10324-cvtres.read.1.tlog
c:\projects\tps5\projects\vs2010\ak308\debug\link.10324-cvtres.write.1.tlog
c:\projects\tps5\projects\vs2010\ak308\debug\link.10324.read.1.tlog
c:\projects\tps5\projects\vs2010\ak308\debug\link.10324.write.1.tlog
c:\projects\tps5\projects\vs2010\ak308\debug\link.10696-cvtres.read.1.tlog
c:\projects\tps5\projects\vs2010\ak308\debug\link.10696-cvtres.write.1.tlog
c:\projects\tps5\projects\vs2010\ak308\debug\link.10696.read.1.tlog
c:\projects\tps5\projects\vs2010\ak308\debug\link.10696.write.1.tlog
c:\projects\tps5\projects\vs2010\ak308\debug\link.4540-cvtres.read.1.tlog
c:\projects\tps5\projects\vs2010\ak308\debug\link.4540-cvtres.write.1.tlog
c:\projects\tps5\projects\vs2010\ak308\debug\link.4540.read.1.tlog
c:\projects\tps5\projects\vs2010\ak308\debug\link.4540.write.1.tlog
c:\projects\tps5\projects\vs2010\ak308\debug\link.4600-cvtres.read.1.tlog
c:\projects\tps5\projects\vs2010\ak308\debug\link.4600-cvtres.write.1.tlog
c:\projects\tps5\projects\vs2010\ak308\debug\link.4600.read.1.tlog
c:\projects\tps5\projects\vs2010\ak308\debug\link.4600.write.1.tlog
c:\projects\tps5\projects\vs2010\ak308\debug\link.8092-cvtres.read.1.tlog
c:\projects\tps5\projects\vs2010\ak308\debug\link.8092-cvtres.write.1.tlog
c:\projects\tps5\projects\vs2010\ak308\debug\link.8092.read.1.tlog
c:\projects\tps5\projects\vs2010\ak308\debug\link.8092.write.1.tlog
c:\projects\tps5\projects\vs2010\ak308\debug\link.8560-cvtres.read.1.tlog
c:\projects\tps5\projects\vs2010\ak308\debug\link.8560-cvtres.write.1.tlog
c:\projects\tps5\projects\vs2010\ak308\debug\link.8560.read.1.tlog
c:\projects\tps5\projects\vs2010\ak308\debug\link.8560.write.1.tlog
c:\projects\tps5\projects\vs2010\ak308\debug\link.command.1.tlog
c:\projects\tps5\projects\vs2010\ak308\debug\link.read.1.tlog
c:\projects\tps5\projects\vs2010\ak308\debug\link.write.1.tlog
c:\projects\tps5\projects\vs2010\ak308\debug\mt.command.1.tlog
c:\projects\tps5\projects\vs2010\ak308\debug\mt.read.1.tlog
c:\projects\tps5\projects\vs2010\ak308\debug\mt.write.1.tlog
c:\projects\tps5\projects\vs2010\ak308\debug\rc.command.1.tlog
c:\projects\tps5\projects\vs2010\ak308\debug\rc.read.1.tlog
c:\projects\tps5\projects\vs2010\ak308\debug\rc.write.1.tlog
c:\projects\tps5\projects\vs2010\ak308\debug\vc100.idb
c:\projects\tps5\projects\vs2010\ak308\debug\ak308_manifest.rc
