c:\projects\tps5\projects\vs2010\granit_v3\debug\api.obj
c:\projects\tps5\projects\vs2010\granit_v3\debug\module.obj
c:\projects\tps5\projects\vs2010\granit_v3\debug\retranslator.obj
c:\projects\tps5\projects\vs2010\granit_v3\debug\thread.obj
c:\projects\tps5\projects\vs2010\granit_v3\debug\vc100.pdb
c:\projects\tps5\debug\granit_v3.lib
c:\projects\tps5\debug\granit_v3.exp
c:\projects\tps5\debug\granit_v3.ilk
c:\projects\tps5\debug\granit_v3.dll
c:\projects\tps5\projects\vs2010\granit_v3\debug\granit_v3.dll.intermediate.manifest
c:\projects\tps5\debug\granit_v3.pdb
c:\projects\tps5\projects\vs2010\granit_v3\debug\granit_v3.dll.embed.manifest
c:\projects\tps5\projects\vs2010\granit_v3\debug\granit_v3.dll.embed.manifest.res
c:\projects\tps5\projects\vs2010\granit_v3\debug\granit_v3.vcxprojresolveassemblyreference.cache
c:\projects\tps5\projects\vs2010\granit_v3\debug\cl.command.1.tlog
c:\projects\tps5\projects\vs2010\granit_v3\debug\cl.read.1.tlog
c:\projects\tps5\projects\vs2010\granit_v3\debug\cl.write.1.tlog
c:\projects\tps5\projects\vs2010\granit_v3\debug\granit_v3.write.1.tlog
c:\projects\tps5\projects\vs2010\granit_v3\debug\link-cvtres.read.1.tlog
c:\projects\tps5\projects\vs2010\granit_v3\debug\link-cvtres.write.1.tlog
c:\projects\tps5\projects\vs2010\granit_v3\debug\link.6192-cvtres.read.1.tlog
c:\projects\tps5\projects\vs2010\granit_v3\debug\link.6192-cvtres.write.1.tlog
c:\projects\tps5\projects\vs2010\granit_v3\debug\link.6192.read.1.tlog
c:\projects\tps5\projects\vs2010\granit_v3\debug\link.6192.write.1.tlog
c:\projects\tps5\projects\vs2010\granit_v3\debug\link.6936-cvtres.read.1.tlog
c:\projects\tps5\projects\vs2010\granit_v3\debug\link.6936-cvtres.write.1.tlog
c:\projects\tps5\projects\vs2010\granit_v3\debug\link.6936.read.1.tlog
c:\projects\tps5\projects\vs2010\granit_v3\debug\link.6936.write.1.tlog
c:\projects\tps5\projects\vs2010\granit_v3\debug\link.9876-cvtres.read.1.tlog
c:\projects\tps5\projects\vs2010\granit_v3\debug\link.9876-cvtres.write.1.tlog
c:\projects\tps5\projects\vs2010\granit_v3\debug\link.9876.read.1.tlog
c:\projects\tps5\projects\vs2010\granit_v3\debug\link.9876.write.1.tlog
c:\projects\tps5\projects\vs2010\granit_v3\debug\link.command.1.tlog
c:\projects\tps5\projects\vs2010\granit_v3\debug\link.read.1.tlog
c:\projects\tps5\projects\vs2010\granit_v3\debug\link.write.1.tlog
c:\projects\tps5\projects\vs2010\granit_v3\debug\mt.command.1.tlog
c:\projects\tps5\projects\vs2010\granit_v3\debug\mt.read.1.tlog
c:\projects\tps5\projects\vs2010\granit_v3\debug\mt.write.1.tlog
c:\projects\tps5\projects\vs2010\granit_v3\debug\rc.command.1.tlog
c:\projects\tps5\projects\vs2010\granit_v3\debug\rc.read.1.tlog
c:\projects\tps5\projects\vs2010\granit_v3\debug\rc.write.1.tlog
c:\projects\tps5\projects\vs2010\granit_v3\debug\vc100.idb
c:\projects\tps5\projects\vs2010\granit_v3\debug\granit_v3_manifest.rc
