c:\projects\tps5\debug\ak305.lib
c:\projects\tps5\debug\ak305.exp
c:\projects\tps5\projects\vs2010\ak305\debug\api.obj
c:\projects\tps5\projects\vs2010\ak305\debug\common.obj
c:\projects\tps5\projects\vs2010\ak305\debug\config.obj
c:\projects\tps5\projects\vs2010\ak305\debug\crc16.obj
c:\projects\tps5\projects\vs2010\ak305\debug\data.obj
c:\projects\tps5\projects\vs2010\ak305\debug\dirscan.obj
c:\projects\tps5\projects\vs2010\ak305\debug\events.obj
c:\projects\tps5\projects\vs2010\ak305\debug\json.obj
c:\projects\tps5\projects\vs2010\ak305\debug\module.obj
c:\projects\tps5\projects\vs2010\ak305\debug\tea.obj
c:\projects\tps5\projects\vs2010\ak305\debug\update.obj
c:\projects\tps5\projects\vs2010\ak305\debug\jparse.obj
c:\projects\tps5\projects\vs2010\ak305\debug\vc100.pdb
c:\projects\tps5\projects\vs2010\ak305\debug\md5c.obj
c:\projects\tps5\debug\ak305.dll
c:\projects\tps5\projects\vs2010\ak305\debug\ak305.dll.intermediate.manifest
c:\projects\tps5\debug\ak305.pdb
c:\projects\tps5\projects\vs2010\ak305\debug\ak305.dll.embed.manifest
c:\projects\tps5\projects\vs2010\ak305\debug\ak305.dll.embed.manifest.res
c:\projects\tps5\projects\vs2010\ak305\debug\ak305.vcxprojresolveassemblyreference.cache
c:\projects\tps5\projects\vs2010\ak305\debug\ak305.write.1.tlog
c:\projects\tps5\projects\vs2010\ak305\debug\cl.command.1.tlog
c:\projects\tps5\projects\vs2010\ak305\debug\cl.read.1.tlog
c:\projects\tps5\projects\vs2010\ak305\debug\cl.write.1.tlog
c:\projects\tps5\projects\vs2010\ak305\debug\link-cvtres.read.1.tlog
c:\projects\tps5\projects\vs2010\ak305\debug\link-cvtres.write.1.tlog
c:\projects\tps5\projects\vs2010\ak305\debug\link.command.1.tlog
c:\projects\tps5\projects\vs2010\ak305\debug\link.read.1.tlog
c:\projects\tps5\projects\vs2010\ak305\debug\link.write.1.tlog
c:\projects\tps5\projects\vs2010\ak305\debug\mt.command.1.tlog
c:\projects\tps5\projects\vs2010\ak305\debug\mt.read.1.tlog
c:\projects\tps5\projects\vs2010\ak305\debug\mt.write.1.tlog
c:\projects\tps5\projects\vs2010\ak305\debug\rc.command.1.tlog
c:\projects\tps5\projects\vs2010\ak305\debug\rc.read.1.tlog
c:\projects\tps5\projects\vs2010\ak305\debug\rc.write.1.tlog
c:\projects\tps5\projects\vs2010\ak305\debug\vc100.idb
c:\projects\tps5\projects\vs2010\ak305\debug\ak305_manifest.rc
