c:\projects\tps5\projects\vs2010\core\debug\config.obj
c:\projects\tps5\projects\vs2010\core\debug\core.obj
c:\projects\tps5\projects\vs2010\core\debug\db.obj
c:\projects\tps5\projects\vs2010\core\debug\ini.obj
c:\projects\tps5\projects\vs2010\core\debug\jparse.obj
c:\projects\tps5\projects\vs2010\core\debug\kqueue.obj
c:\projects\tps5\projects\vs2010\core\debug\log.obj
c:\projects\tps5\projects\vs2010\core\debug\storage.obj
c:\projects\tps5\projects\vs2010\core\debug\vc100.pdb
c:\projects\tps5\projects\vs2010\core\debug\sha2.obj
c:\projects\tps5\projects\vs2010\core\debug\sqlite3.obj
c:\projects\tps5\debug\core.exe
c:\projects\tps5\projects\vs2010\core\debug\core.exe.intermediate.manifest
c:\projects\tps5\debug\core.pdb
c:\projects\tps5\projects\vs2010\core\debug\core.exe.embed.manifest
c:\projects\tps5\projects\vs2010\core\debug\core.exe.embed.manifest.res
c:\projects\tps5\projects\vs2010\core\debug\core.vcxprojresolveassemblyreference.cache
c:\projects\tps5\projects\vs2010\core\debug\cl.command.1.tlog
c:\projects\tps5\projects\vs2010\core\debug\cl.read.1.tlog
c:\projects\tps5\projects\vs2010\core\debug\cl.write.1.tlog
c:\projects\tps5\projects\vs2010\core\debug\core.write.1.tlog
c:\projects\tps5\projects\vs2010\core\debug\link-cvtres.read.1.tlog
c:\projects\tps5\projects\vs2010\core\debug\link-cvtres.write.1.tlog
c:\projects\tps5\projects\vs2010\core\debug\link.command.1.tlog
c:\projects\tps5\projects\vs2010\core\debug\link.read.1.tlog
c:\projects\tps5\projects\vs2010\core\debug\link.write.1.tlog
c:\projects\tps5\projects\vs2010\core\debug\mt.command.1.tlog
c:\projects\tps5\projects\vs2010\core\debug\mt.read.1.tlog
c:\projects\tps5\projects\vs2010\core\debug\mt.write.1.tlog
c:\projects\tps5\projects\vs2010\core\debug\rc.command.1.tlog
c:\projects\tps5\projects\vs2010\core\debug\rc.read.1.tlog
c:\projects\tps5\projects\vs2010\core\debug\rc.write.1.tlog
c:\projects\tps5\projects\vs2010\core\debug\vc100.idb
c:\projects\tps5\projects\vs2010\core\debug\core_manifest.rc
