c:\projects\tps5\projects\vs2010\http\debug\jparse.obj
c:\projects\tps5\projects\vs2010\http\debug\api.obj
c:\projects\tps5\projects\vs2010\http\debug\billing.obj
c:\projects\tps5\projects\vs2010\http\debug\cpu.obj
c:\projects\tps5\projects\vs2010\http\debug\distance.obj
c:\projects\tps5\projects\vs2010\http\debug\group.obj
c:\projects\tps5\projects\vs2010\http\debug\http.obj
c:\projects\tps5\projects\vs2010\http\debug\json_parse.obj
c:\projects\tps5\projects\vs2010\http\debug\object.obj
c:\projects\tps5\projects\vs2010\http\debug\online.obj
c:\projects\tps5\projects\vs2010\http\debug\pdf.obj
c:\projects\tps5\projects\vs2010\http\debug\response.obj
c:\projects\tps5\projects\vs2010\http\debug\retranslator.obj
c:\projects\tps5\projects\vs2010\http\debug\static.obj
c:\projects\tps5\projects\vs2010\http\debug\device.obj
c:\projects\tps5\projects\vs2010\http\debug\json.obj
c:\projects\tps5\projects\vs2010\http\debug\module.obj
c:\projects\tps5\projects\vs2010\http\debug\rest.obj
c:\projects\tps5\projects\vs2010\http\debug\thread_pool.obj
c:\projects\tps5\projects\vs2010\http\debug\user.obj
c:\projects\tps5\projects\vs2010\http\debug\vc100.pdb
c:\projects\tps5\projects\vs2010\http\debug\sqlite3.obj
c:\projects\tps5\projects\vs2010\http\debug\http_parser.obj
c:\projects\tps5\projects\vs2010\http\debug\sha2.obj
c:\projects\tps5\lib\httpd.lib
c:\projects\tps5\lib\httpd.exp
c:\projects\tps5\debug\httpd.dll
c:\projects\tps5\projects\vs2010\http\debug\httpd.dll.intermediate.manifest
c:\projects\tps5\debug\httpd.pdb
c:\projects\tps5\projects\vs2010\http\debug\httpd.dll.embed.manifest
c:\projects\tps5\projects\vs2010\http\debug\httpd.dll.embed.manifest.res
c:\projects\tps5\projects\vs2010\http\debug\http.vcxprojresolveassemblyreference.cache
c:\projects\tps5\projects\vs2010\http\debug\cl.command.1.tlog
c:\projects\tps5\projects\vs2010\http\debug\cl.read.1.tlog
c:\projects\tps5\projects\vs2010\http\debug\cl.write.1.tlog
c:\projects\tps5\projects\vs2010\http\debug\http.write.1.tlog
c:\projects\tps5\projects\vs2010\http\debug\link-cvtres.read.1.tlog
c:\projects\tps5\projects\vs2010\http\debug\link-cvtres.write.1.tlog
c:\projects\tps5\projects\vs2010\http\debug\link.command.1.tlog
c:\projects\tps5\projects\vs2010\http\debug\link.read.1.tlog
c:\projects\tps5\projects\vs2010\http\debug\link.write.1.tlog
c:\projects\tps5\projects\vs2010\http\debug\mt.command.1.tlog
c:\projects\tps5\projects\vs2010\http\debug\mt.read.1.tlog
c:\projects\tps5\projects\vs2010\http\debug\mt.write.1.tlog
c:\projects\tps5\projects\vs2010\http\debug\rc.command.1.tlog
c:\projects\tps5\projects\vs2010\http\debug\rc.read.1.tlog
c:\projects\tps5\projects\vs2010\http\debug\rc.write.1.tlog
c:\projects\tps5\projects\vs2010\http\debug\vc100.idb
c:\projects\tps5\projects\vs2010\http\debug\httpd_manifest.rc
