c:\projects\tps5\projects\vs2010\tr151\debug\api.obj
c:\projects\tps5\projects\vs2010\tr151\debug\common.obj
c:\projects\tps5\projects\vs2010\tr151\debug\config.obj
c:\projects\tps5\projects\vs2010\tr151\debug\events.obj
c:\projects\tps5\projects\vs2010\tr151\debug\json.obj
c:\projects\tps5\projects\vs2010\tr151\debug\module.obj
c:\projects\tps5\projects\vs2010\tr151\debug\vc100.pdb
c:\projects\tps5\projects\vs2010\tr151\debug\data.obj
c:\projects\tps5\projects\vs2010\tr151\debug\jparse.obj
c:\projects\tps5\debug\tr151.ilk
c:\projects\tps5\debug\tr151.dll
c:\projects\tps5\projects\vs2010\tr151\debug\tr151.dll.intermediate.manifest
c:\projects\tps5\debug\tr151.pdb
c:\projects\tps5\projects\vs2010\tr151\debug\tr151.dll.embed.manifest
c:\projects\tps5\projects\vs2010\tr151\debug\tr151.dll.embed.manifest.res
c:\projects\tps5\debug\tr151.lib
c:\projects\tps5\debug\tr151.exp
c:\projects\tps5\projects\vs2010\tr151\debug\tr151.vcxprojresolveassemblyreference.cache
c:\projects\tps5\projects\vs2010\tr151\debug\cl.command.1.tlog
c:\projects\tps5\projects\vs2010\tr151\debug\cl.read.1.tlog
c:\projects\tps5\projects\vs2010\tr151\debug\cl.write.1.tlog
c:\projects\tps5\projects\vs2010\tr151\debug\link-cvtres.read.1.tlog
c:\projects\tps5\projects\vs2010\tr151\debug\link-cvtres.write.1.tlog
c:\projects\tps5\projects\vs2010\tr151\debug\link.10924-cvtres.read.1.tlog
c:\projects\tps5\projects\vs2010\tr151\debug\link.10924-cvtres.write.1.tlog
c:\projects\tps5\projects\vs2010\tr151\debug\link.10924.read.1.tlog
c:\projects\tps5\projects\vs2010\tr151\debug\link.10924.write.1.tlog
c:\projects\tps5\projects\vs2010\tr151\debug\link.command.1.tlog
c:\projects\tps5\projects\vs2010\tr151\debug\link.read.1.tlog
c:\projects\tps5\projects\vs2010\tr151\debug\link.write.1.tlog
c:\projects\tps5\projects\vs2010\tr151\debug\mt.command.1.tlog
c:\projects\tps5\projects\vs2010\tr151\debug\mt.read.1.tlog
c:\projects\tps5\projects\vs2010\tr151\debug\mt.write.1.tlog
c:\projects\tps5\projects\vs2010\tr151\debug\rc.command.1.tlog
c:\projects\tps5\projects\vs2010\tr151\debug\rc.read.1.tlog
c:\projects\tps5\projects\vs2010\tr151\debug\rc.write.1.tlog
c:\projects\tps5\projects\vs2010\tr151\debug\tr151.write.1.tlog
c:\projects\tps5\projects\vs2010\tr151\debug\vc100.idb
c:\projects\tps5\projects\vs2010\tr151\debug\tr151_manifest.rc
