c:\projects\tps5\projects\vs2010\tr203\debug\api.obj
c:\projects\tps5\projects\vs2010\tr203\debug\common.obj
c:\projects\tps5\projects\vs2010\tr203\debug\config.obj
c:\projects\tps5\projects\vs2010\tr203\debug\events.obj
c:\projects\tps5\projects\vs2010\tr203\debug\json.obj
c:\projects\tps5\projects\vs2010\tr203\debug\module.obj
c:\projects\tps5\projects\vs2010\tr203\debug\vc100.pdb
c:\projects\tps5\projects\vs2010\tr203\debug\data.obj
c:\projects\tps5\projects\vs2010\tr203\debug\jparse.obj
c:\projects\tps5\debug\tr203.ilk
c:\projects\tps5\debug\tr203.dll
c:\projects\tps5\projects\vs2010\tr203\debug\tr203.dll.intermediate.manifest
c:\projects\tps5\debug\tr203.pdb
c:\projects\tps5\projects\vs2010\tr203\debug\tr203.dll.embed.manifest
c:\projects\tps5\projects\vs2010\tr203\debug\tr203.dll.embed.manifest.res
c:\projects\tps5\debug\tr203.lib
c:\projects\tps5\debug\tr203.exp
c:\projects\tps5\projects\vs2010\tr203\debug\tr203.vcxprojresolveassemblyreference.cache
c:\projects\tps5\projects\vs2010\tr203\debug\cl.command.1.tlog
c:\projects\tps5\projects\vs2010\tr203\debug\cl.read.1.tlog
c:\projects\tps5\projects\vs2010\tr203\debug\cl.write.1.tlog
c:\projects\tps5\projects\vs2010\tr203\debug\link-cvtres.read.1.tlog
c:\projects\tps5\projects\vs2010\tr203\debug\link-cvtres.write.1.tlog
c:\projects\tps5\projects\vs2010\tr203\debug\link.6752-cvtres.read.1.tlog
c:\projects\tps5\projects\vs2010\tr203\debug\link.6752-cvtres.write.1.tlog
c:\projects\tps5\projects\vs2010\tr203\debug\link.6752.read.1.tlog
c:\projects\tps5\projects\vs2010\tr203\debug\link.6752.write.1.tlog
c:\projects\tps5\projects\vs2010\tr203\debug\link.command.1.tlog
c:\projects\tps5\projects\vs2010\tr203\debug\link.read.1.tlog
c:\projects\tps5\projects\vs2010\tr203\debug\link.write.1.tlog
c:\projects\tps5\projects\vs2010\tr203\debug\mt.command.1.tlog
c:\projects\tps5\projects\vs2010\tr203\debug\mt.read.1.tlog
c:\projects\tps5\projects\vs2010\tr203\debug\mt.write.1.tlog
c:\projects\tps5\projects\vs2010\tr203\debug\rc.command.1.tlog
c:\projects\tps5\projects\vs2010\tr203\debug\rc.read.1.tlog
c:\projects\tps5\projects\vs2010\tr203\debug\rc.write.1.tlog
c:\projects\tps5\projects\vs2010\tr203\debug\tr203.write.1.tlog
c:\projects\tps5\projects\vs2010\tr203\debug\vc100.idb
c:\projects\tps5\projects\vs2010\tr203\debug\tr203_manifest.rc
