c:\projects\tps5\debug\ak306.lib
c:\projects\tps5\debug\ak306.exp
c:\projects\tps5\projects\vs2010\ak306\debug\api.obj
c:\projects\tps5\projects\vs2010\ak306\debug\common.obj
c:\projects\tps5\projects\vs2010\ak306\debug\config.obj
c:\projects\tps5\projects\vs2010\ak306\debug\crc16.obj
c:\projects\tps5\projects\vs2010\ak306\debug\dirscan.obj
c:\projects\tps5\projects\vs2010\ak306\debug\events.obj
c:\projects\tps5\projects\vs2010\ak306\debug\json.obj
c:\projects\tps5\projects\vs2010\ak306\debug\module.obj
c:\projects\tps5\projects\vs2010\ak306\debug\jparse.obj
c:\projects\tps5\projects\vs2010\ak306\debug\vc100.pdb
c:\projects\tps5\projects\vs2010\ak306\debug\data.obj
c:\projects\tps5\projects\vs2010\ak306\debug\update.obj
c:\projects\tps5\debug\ak306.dll
c:\projects\tps5\projects\vs2010\ak306\debug\ak306.dll.intermediate.manifest
c:\projects\tps5\debug\ak306.pdb
c:\projects\tps5\projects\vs2010\ak306\debug\ak306.dll.embed.manifest
c:\projects\tps5\projects\vs2010\ak306\debug\ak306.dll.embed.manifest.res
c:\projects\tps5\projects\vs2010\ak306\debug\ak306.vcxprojresolveassemblyreference.cache
c:\projects\tps5\projects\vs2010\ak306\debug\ak306.write.1.tlog
c:\projects\tps5\projects\vs2010\ak306\debug\cl.command.1.tlog
c:\projects\tps5\projects\vs2010\ak306\debug\cl.read.1.tlog
c:\projects\tps5\projects\vs2010\ak306\debug\cl.write.1.tlog
c:\projects\tps5\projects\vs2010\ak306\debug\link.4212-cvtres.read.1.tlog
c:\projects\tps5\projects\vs2010\ak306\debug\link.4212-cvtres.write.1.tlog
c:\projects\tps5\projects\vs2010\ak306\debug\link.4212.read.1.tlog
c:\projects\tps5\projects\vs2010\ak306\debug\link.4212.write.1.tlog
c:\projects\tps5\projects\vs2010\ak306\debug\link.7828-cvtres.read.1.tlog
c:\projects\tps5\projects\vs2010\ak306\debug\link.7828-cvtres.write.1.tlog
c:\projects\tps5\projects\vs2010\ak306\debug\link.7828.read.1.tlog
c:\projects\tps5\projects\vs2010\ak306\debug\link.7828.write.1.tlog
c:\projects\tps5\projects\vs2010\ak306\debug\link.7956-cvtres.read.1.tlog
c:\projects\tps5\projects\vs2010\ak306\debug\link.7956-cvtres.write.1.tlog
c:\projects\tps5\projects\vs2010\ak306\debug\link.7956.read.1.tlog
c:\projects\tps5\projects\vs2010\ak306\debug\link.7956.write.1.tlog
c:\projects\tps5\projects\vs2010\ak306\debug\link.9268-cvtres.read.1.tlog
c:\projects\tps5\projects\vs2010\ak306\debug\link.9268-cvtres.write.1.tlog
c:\projects\tps5\projects\vs2010\ak306\debug\link.9268.read.1.tlog
c:\projects\tps5\projects\vs2010\ak306\debug\link.9268.write.1.tlog
c:\projects\tps5\projects\vs2010\ak306\debug\link.command.1.tlog
c:\projects\tps5\projects\vs2010\ak306\debug\link.read.1.tlog
c:\projects\tps5\projects\vs2010\ak306\debug\link.write.1.tlog
c:\projects\tps5\projects\vs2010\ak306\debug\mt.command.1.tlog
c:\projects\tps5\projects\vs2010\ak306\debug\mt.read.1.tlog
c:\projects\tps5\projects\vs2010\ak306\debug\mt.write.1.tlog
c:\projects\tps5\projects\vs2010\ak306\debug\rc.command.1.tlog
c:\projects\tps5\projects\vs2010\ak306\debug\rc.read.1.tlog
c:\projects\tps5\projects\vs2010\ak306\debug\rc.write.1.tlog
c:\projects\tps5\projects\vs2010\ak306\debug\vc100.idb
c:\projects\tps5\projects\vs2010\ak306\debug\ak306_manifest.rc
