c:\projects\tps5\projects\vs2010\importer\debug\jparse.obj
c:\projects\tps5\projects\vs2010\importer\debug\api.obj
c:\projects\tps5\projects\vs2010\importer\debug\common.obj
c:\projects\tps5\projects\vs2010\importer\debug\data.obj
c:\projects\tps5\projects\vs2010\importer\debug\events.obj
c:\projects\tps5\projects\vs2010\importer\debug\vc100.pdb
c:\projects\tps5\projects\vs2010\importer\debug\module.obj
c:\projects\tps5\debug\importer.lib
c:\projects\tps5\debug\importer.exp
c:\projects\tps5\debug\importer.dll
c:\projects\tps5\projects\vs2010\importer\debug\importer.dll.intermediate.manifest
c:\projects\tps5\debug\importer.pdb
c:\projects\tps5\projects\vs2010\importer\debug\importer.dll.embed.manifest
c:\projects\tps5\projects\vs2010\importer\debug\importer.dll.embed.manifest.res
c:\projects\tps5\projects\vs2010\importer\debug\importer.vcxprojresolveassemblyreference.cache
c:\projects\tps5\projects\vs2010\importer\debug\cl.command.1.tlog
c:\projects\tps5\projects\vs2010\importer\debug\cl.read.1.tlog
c:\projects\tps5\projects\vs2010\importer\debug\cl.write.1.tlog
c:\projects\tps5\projects\vs2010\importer\debug\importer.write.1.tlog
c:\projects\tps5\projects\vs2010\importer\debug\link-cvtres.read.1.tlog
c:\projects\tps5\projects\vs2010\importer\debug\link-cvtres.write.1.tlog
c:\projects\tps5\projects\vs2010\importer\debug\link.command.1.tlog
c:\projects\tps5\projects\vs2010\importer\debug\link.read.1.tlog
c:\projects\tps5\projects\vs2010\importer\debug\link.write.1.tlog
c:\projects\tps5\projects\vs2010\importer\debug\mt.command.1.tlog
c:\projects\tps5\projects\vs2010\importer\debug\mt.read.1.tlog
c:\projects\tps5\projects\vs2010\importer\debug\mt.write.1.tlog
c:\projects\tps5\projects\vs2010\importer\debug\rc.command.1.tlog
c:\projects\tps5\projects\vs2010\importer\debug\rc.read.1.tlog
c:\projects\tps5\projects\vs2010\importer\debug\rc.write.1.tlog
c:\projects\tps5\projects\vs2010\importer\debug\vc100.idb
c:\projects\tps5\projects\vs2010\importer\debug\importer_manifest.rc
