c:\projects\tps5\projects\vs2010\ta001\debug\jparse.obj
c:\projects\tps5\projects\vs2010\ta001\debug\api.obj
c:\projects\tps5\projects\vs2010\ta001\debug\common.obj
c:\projects\tps5\projects\vs2010\ta001\debug\config.obj
c:\projects\tps5\projects\vs2010\ta001\debug\data.obj
c:\projects\tps5\projects\vs2010\ta001\debug\events.obj
c:\projects\tps5\projects\vs2010\ta001\debug\json.obj
c:\projects\tps5\projects\vs2010\ta001\debug\module.obj
c:\projects\tps5\projects\vs2010\ta001\debug\vc100.pdb
c:\projects\tps5\debug\ta001.ilk
c:\projects\tps5\debug\ta001.dll
c:\projects\tps5\projects\vs2010\ta001\debug\ta001.dll.intermediate.manifest
c:\projects\tps5\debug\ta001.pdb
c:\projects\tps5\projects\vs2010\ta001\debug\ta001.dll.embed.manifest
c:\projects\tps5\projects\vs2010\ta001\debug\ta001.dll.embed.manifest.res
c:\projects\tps5\debug\ta001.lib
c:\projects\tps5\debug\ta001.exp
c:\projects\tps5\projects\vs2010\ta001\debug\ta001.vcxprojresolveassemblyreference.cache
c:\projects\tps5\projects\vs2010\ta001\debug\cl.command.1.tlog
c:\projects\tps5\projects\vs2010\ta001\debug\cl.read.1.tlog
c:\projects\tps5\projects\vs2010\ta001\debug\cl.write.1.tlog
c:\projects\tps5\projects\vs2010\ta001\debug\link-cvtres.read.1.tlog
c:\projects\tps5\projects\vs2010\ta001\debug\link-cvtres.write.1.tlog
c:\projects\tps5\projects\vs2010\ta001\debug\link.10036-cvtres.read.1.tlog
c:\projects\tps5\projects\vs2010\ta001\debug\link.10036-cvtres.write.1.tlog
c:\projects\tps5\projects\vs2010\ta001\debug\link.10036.read.1.tlog
c:\projects\tps5\projects\vs2010\ta001\debug\link.10036.write.1.tlog
c:\projects\tps5\projects\vs2010\ta001\debug\link.command.1.tlog
c:\projects\tps5\projects\vs2010\ta001\debug\link.read.1.tlog
c:\projects\tps5\projects\vs2010\ta001\debug\link.write.1.tlog
c:\projects\tps5\projects\vs2010\ta001\debug\mt.command.1.tlog
c:\projects\tps5\projects\vs2010\ta001\debug\mt.read.1.tlog
c:\projects\tps5\projects\vs2010\ta001\debug\mt.write.1.tlog
c:\projects\tps5\projects\vs2010\ta001\debug\rc.command.1.tlog
c:\projects\tps5\projects\vs2010\ta001\debug\rc.read.1.tlog
c:\projects\tps5\projects\vs2010\ta001\debug\rc.write.1.tlog
c:\projects\tps5\projects\vs2010\ta001\debug\ta001.write.1.tlog
c:\projects\tps5\projects\vs2010\ta001\debug\vc100.idb
c:\projects\tps5\projects\vs2010\ta001\debug\ta001_manifest.rc
